# JRE version: 7.0_17-b02
# Java VM: Java HotSpot(TM) 64-Bit Server VM (23.7-b01 mixed mode windows-amd64 compressed oops)
Heap
 PSYoungGen      total 419520K, used 179329K [0x00000007d6000000, 0x0000000800000000, 0x0000000800000000)
  eden space 401280K, 44% used [0x00000007d6000000,0x00000007e0f20728,0x00000007ee7e0000)
  from space 18240K, 0% used [0x00000007fee30000,0x00000007fee30000,0x0000000800000000)
  to   space 143424K, 0% used [0x00000007ee7e0000,0x00000007ee7e0000,0x00000007f73f0000)
 ParOldGen       total 597568K, used 363601K [0x0000000782000000, 0x00000007a6790000, 0x00000007d6000000)
  object space 597568K, 60% used [0x0000000782000000,0x00000007983147c0,0x00000007a6790000)
 PSPermGen       total 67392K, used 33226K [0x000000077ce00000, 0x0000000780fd0000, 0x0000000782000000)
  object space 67392K, 49% used [0x000000077ce00000,0x000000077ee729b0,0x0000000780fd0000)
GC Heap History (10 events):
Event: 46.187 GC heap before
{Heap before GC invocations=47 (full 2):
 PSYoungGen      total 670208K, used 15072K [0x00000007d6000000, 0x0000000800000000, 0x0000000800000000)
  eden space 655104K, 0% used [0x00000007d6000000,0x00000007d6000000,0x00000007fdfc0000)
  from space 15104K, 99% used [0x00000007fdfc0000,0x00000007fee78000,0x00000007fee80000)
  to   space 17920K, 0% used [0x00000007fee80000,0x00000007fee80000,0x0000000800000000)
 ParOldGen       total 131904K, used 127913K [0x0000000782000000, 0x000000078a0d0000, 0x00000007d6000000)
  object space 131904K, 96% used [0x0000000782000000,0x0000000789cea6a8,0x000000078a0d0000)
 PSPermGen       total 60352K, used 30027K [0x000000077ce00000, 0x00000007808f0000, 0x0000000782000000)
  object space 60352K, 49% used [0x000000077ce00000,0x000000077eb52e00,0x00000007808f0000)
Event: 47.001 GC heap after
Heap after GC invocations=47 (full 2):
 PSYoungGen      total 670208K, used 0K [0x00000007d6000000, 0x0000000800000000, 0x0000000800000000)
  eden space 655104K, 0% used [0x00000007d6000000,0x00000007d6000000,0x00000007fdfc0000)
  from space 15104K, 0% used [0x00000007fdfc0000,0x00000007fdfc0000,0x00000007fee80000)
  to   space 17920K, 0% used [0x00000007fee80000,0x00000007fee80000,0x0000000800000000)
 ParOldGen       total 215808K, used 131356K [0x0000000782000000, 0x000000078f2c0000, 0x00000007d6000000)
  object space 215808K, 60% used [0x0000000782000000,0x000000078a0470d0,0x000000078f2c0000)
 PSPermGen       total 67584K, used 30027K [0x000000077ce00000, 0x0000000781000000, 0x0000000782000000)
  object space 67584K, 44% used [0x000000077ce00000,0x000000077eb52e00,0x0000000781000000)
}
Event: 47.787 GC heap before
{Heap before GC invocations=48 (full 2):
 PSYoungGen      total 670208K, used 655104K [0x00000007d6000000, 0x0000000800000000, 0x0000000800000000)
  eden space 655104K, 100% used [0x00000007d6000000,0x00000007fdfc0000,0x00000007fdfc0000)
  from space 15104K, 0% used [0x00000007fdfc0000,0x00000007fdfc0000,0x00000007fee80000)
  to   space 17920K, 0% used [0x00000007fee80000,0x00000007fee80000,0x0000000800000000)
 ParOldGen       total 215808K, used 131356K [0x0000000782000000, 0x000000078f2c0000, 0x00000007d6000000)
  object space 215808K, 60% used [0x0000000782000000,0x000000078a0470d0,0x000000078f2c0000)
 PSPermGen       total 67584K, used 30027K [0x000000077ce00000, 0x0000000781000000, 0x0000000782000000)
  object space 67584K, 44% used [0x000000077ce00000,0x000000077eb52e00,0x0000000781000000)
Event: 47.798 GC heap after
Heap after GC invocations=48 (full 2):
 PSYoungGen      total 669568K, used 3456K [0x00000007d6000000, 0x0000000800000000, 0x0000000800000000)
  eden space 651648K, 0% used [0x00000007d6000000,0x00000007d6000000,0x00000007fdc60000)
  from space 17920K, 19% used [0x00000007fee80000,0x00000007ff1e0000,0x0000000800000000)
  to   space 18240K, 0% used [0x00000007fdc60000,0x00000007fdc60000,0x00000007fee30000)
 ParOldGen       total 215808K, used 131356K [0x0000000782000000, 0x000000078f2c0000, 0x00000007d6000000)
  object space 215808K, 60% used [0x0000000782000000,0x000000078a0470d0,0x000000078f2c0000)
 PSPermGen       total 67584K, used 30027K [0x000000077ce00000, 0x0000000781000000, 0x0000000782000000)
  object space 67584K, 44% used [0x000000077ce00000,0x000000077eb52e00,0x0000000781000000)
}
Event: 48.953 GC heap before
{Heap before GC invocations=49 (full 2):
 PSYoungGen      total 669568K, used 655104K [0x00000007d6000000, 0x0000000800000000, 0x0000000800000000)
  eden space 651648K, 100% used [0x00000007d6000000,0x00000007fdc60000,0x00000007fdc60000)
  from space 17920K, 19% used [0x00000007fee80000,0x00000007ff1e0000,0x0000000800000000)
  to   space 18240K, 0% used [0x00000007fdc60000,0x00000007fdc60000,0x00000007fee30000)
 ParOldGen       total 215808K, used 131356K [0x0000000782000000, 0x000000078f2c0000, 0x00000007d6000000)
  object space 215808K, 60% used [0x0000000782000000,0x000000078a0470d0,0x000000078f2c0000)
 PSPermGen       total 67584K, used 30044K [0x000000077ce00000, 0x0000000781000000, 0x0000000782000000)
  object space 67584K, 44% used [0x000000077ce00000,0x000000077eb57288,0x0000000781000000)
Event: 49.034 GC heap after
Heap after GC invocations=49 (full 2):
 PSYoungGen      total 669888K, used 18240K [0x00000007d6000000, 0x0000000800000000, 0x0000000800000000)
  eden space 651648K, 0% used [0x00000007d6000000,0x00000007d6000000,0x00000007fdc60000)
  from space 18240K, 100% used [0x00000007fdc60000,0x00000007fee30000,0x00000007fee30000)
  to   space 18240K, 0% used [0x00000007fee30000,0x00000007fee30000,0x0000000800000000)
 ParOldGen       total 215808K, used 185548K [0x0000000782000000, 0x000000078f2c0000, 0x00000007d6000000)
  object space 215808K, 85% used [0x0000000782000000,0x000000078d5330d0,0x000000078f2c0000)
 PSPermGen       total 67584K, used 30044K [0x000000077ce00000, 0x0000000781000000, 0x0000000782000000)
  object space 67584K, 44% used [0x000000077ce00000,0x000000077eb57288,0x0000000781000000)
}
Event: 66.529 GC heap before
{Heap before GC invocations=50 (full 2):
 PSYoungGen      total 669888K, used 669888K [0x00000007d6000000, 0x0000000800000000, 0x0000000800000000)
  eden space 651648K, 100% used [0x00000007d6000000,0x00000007fdc60000,0x00000007fdc60000)
  from space 18240K, 100% used [0x00000007fdc60000,0x00000007fee30000,0x00000007fee30000)
  to   space 18240K, 0% used [0x00000007fee30000,0x00000007fee30000,0x0000000800000000)
 ParOldGen       total 215808K, used 185548K [0x0000000782000000, 0x000000078f2c0000, 0x00000007d6000000)
  object space 215808K, 85% used [0x0000000782000000,0x000000078d5330d0,0x000000078f2c0000)
 PSPermGen       total 67584K, used 33011K [0x000000077ce00000, 0x0000000781000000, 0x0000000782000000)
  object space 67584K, 48% used [0x000000077ce00000,0x000000077ee3cf10,0x0000000781000000)
Event: 66.751 GC heap after
Heap after GC invocations=50 (full 2):
 PSYoungGen      total 419520K, used 18221K [0x00000007d6000000, 0x0000000800000000, 0x0000000800000000)
  eden space 401280K, 0% used [0x00000007d6000000,0x00000007d6000000,0x00000007ee7e0000)
  from space 18240K, 99% used [0x00000007fee30000,0x00000007ffffb6a8,0x0000000800000000)
  to   space 143424K, 0% used [0x00000007ee7e0000,0x00000007ee7e0000,0x00000007f73f0000)
 ParOldGen       total 464832K, used 464804K [0x0000000782000000, 0x000000079e5f0000, 0x00000007d6000000)
  object space 464832K, 99% used [0x0000000782000000,0x000000079e5e92b0,0x000000079e5f0000)
 PSPermGen       total 67584K, used 33011K [0x000000077ce00000, 0x0000000781000000, 0x0000000782000000)
  object space 67584K, 48% used [0x000000077ce00000,0x000000077ee3cf10,0x0000000781000000)
}
Event: 66.751 GC heap before
{Heap before GC invocations=51 (full 3):
 PSYoungGen      total 419520K, used 18221K [0x00000007d6000000, 0x0000000800000000, 0x0000000800000000)
  eden space 401280K, 0% used [0x00000007d6000000,0x00000007d6000000,0x00000007ee7e0000)
  from space 18240K, 99% used [0x00000007fee30000,0x00000007ffffb6a8,0x0000000800000000)
  to   space 143424K, 0% used [0x00000007ee7e0000,0x00000007ee7e0000,0x00000007f73f0000)
 ParOldGen       total 464832K, used 464804K [0x0000000782000000, 0x000000079e5f0000, 0x00000007d6000000)
  object space 464832K, 99% used [0x0000000782000000,0x000000079e5e92b0,0x000000079e5f0000)
 PSPermGen       total 67584K, used 33011K [0x000000077ce00000, 0x0000000781000000, 0x0000000782000000)
  object space 67584K, 48% used [0x000000077ce00000,0x000000077ee3cf10,0x0000000781000000)
Event: 68.816 GC heap after
Heap after GC invocations=51 (full 3):
 PSYoungGen      total 419520K, used 0K [0x00000007d6000000, 0x0000000800000000, 0x0000000800000000)
  eden space 401280K, 0% used [0x00000007d6000000,0x00000007d6000000,0x00000007ee7e0000)
  from space 18240K, 0% used [0x00000007fee30000,0x00000007fee30000,0x0000000800000000)
  to   space 143424K, 0% used [0x00000007ee7e0000,0x00000007ee7e0000,0x00000007f73f0000)
 ParOldGen       total 597568K, used 363601K [0x0000000782000000, 0x00000007a6790000, 0x00000007d6000000)
  object space 597568K, 60% used [0x0000000782000000,0x00000007983147c0,0x00000007a6790000)
 PSPermGen       total 67392K, used 33008K [0x000000077ce00000, 0x0000000780fd0000, 0x0000000782000000)
  object space 67392K, 48% used [0x000000077ce00000,0x000000077ee3c3d8,0x0000000780fd0000)
}

