# JRE version: 7.0_17-b02
# Java VM: Java HotSpot(TM) 64-Bit Server VM (23.7-b01 mixed mode windows-amd64 compressed oops)
Heap
 PSYoungGen      total 305088K, used 15672K [0x00000007d6000000, 0x00000007fb2e0000, 0x0000000800000000)
  eden space 200448K, 2% used [0x00000007d6000000,0x00000007d645f968,0x00000007e23c0000)
  from space 104640K, 10% used [0x00000007e23c0000,0x00000007e2eaea38,0x00000007e89f0000)
  to   space 155712K, 0% used [0x00000007f1ad0000,0x00000007f1ad0000,0x00000007fb2e0000)
 ParOldGen       total 355392K, used 217727K [0x0000000782000000, 0x0000000797b10000, 0x00000007d6000000)
  object space 355392K, 61% used [0x0000000782000000,0x000000078f49ff60,0x0000000797b10000)
 PSPermGen       total 72320K, used 32844K [0x000000077ce00000, 0x00000007814a0000, 0x0000000782000000)
  object space 72320K, 45% used [0x000000077ce00000,0x000000077ee13220,0x00000007814a0000)
GC Heap History (10 events):
Event: 46.757 GC heap before
{Heap before GC invocations=5 (full 0):
 PSYoungGen      total 134400K, used 128253K [0x00000007d6000000, 0x00000007de880000, 0x0000000800000000)
  eden space 129024K, 95% used [0x00000007d6000000,0x00000007dd8072e0,0x00000007dde00000)
  from space 5376K, 99% used [0x00000007de340000,0x00000007de8781d8,0x00000007de880000)
  to   space 5376K, 0% used [0x00000007dde00000,0x00000007dde00000,0x00000007de340000)
 ParOldGen       total 86016K, used 13808K [0x0000000782000000, 0x0000000787400000, 0x00000007d6000000)
  object space 86016K, 16% used [0x0000000782000000,0x0000000782d7c148,0x0000000787400000)
 PSPermGen       total 31808K, used 31760K [0x000000077ce00000, 0x000000077ed10000, 0x0000000782000000)
  object space 31808K, 99% used [0x000000077ce00000,0x000000077ed04318,0x000000077ed10000)
Event: 46.871 GC heap after
Heap after GC invocations=5 (full 0):
 PSYoungGen      total 134400K, used 5365K [0x00000007d6000000, 0x00000007eeae0000, 0x0000000800000000)
  eden space 129024K, 0% used [0x00000007d6000000,0x00000007d6000000,0x00000007dde00000)
  from space 5376K, 99% used [0x00000007dde00000,0x00000007de33d7a8,0x00000007de340000)
  to   space 73152K, 0% used [0x00000007ea370000,0x00000007ea370000,0x00000007eeae0000)
 ParOldGen       total 103104K, used 103050K [0x0000000782000000, 0x00000007884b0000, 0x00000007d6000000)
  object space 103104K, 99% used [0x0000000782000000,0x00000007884a2988,0x00000007884b0000)
 PSPermGen       total 31808K, used 31760K [0x000000077ce00000, 0x000000077ed10000, 0x0000000782000000)
  object space 31808K, 99% used [0x000000077ce00000,0x000000077ed04318,0x000000077ed10000)
}
Event: 46.871 GC heap before
{Heap before GC invocations=6 (full 1):
 PSYoungGen      total 134400K, used 5365K [0x00000007d6000000, 0x00000007eeae0000, 0x0000000800000000)
  eden space 129024K, 0% used [0x00000007d6000000,0x00000007d6000000,0x00000007dde00000)
  from space 5376K, 99% used [0x00000007dde00000,0x00000007de33d7a8,0x00000007de340000)
  to   space 73152K, 0% used [0x00000007ea370000,0x00000007ea370000,0x00000007eeae0000)
 ParOldGen       total 103104K, used 103050K [0x0000000782000000, 0x00000007884b0000, 0x00000007d6000000)
  object space 103104K, 99% used [0x0000000782000000,0x00000007884a2988,0x00000007884b0000)
 PSPermGen       total 31808K, used 31760K [0x000000077ce00000, 0x000000077ed10000, 0x0000000782000000)
  object space 31808K, 99% used [0x000000077ce00000,0x000000077ed04318,0x000000077ed10000)
Event: 48.082 GC heap after
Heap after GC invocations=6 (full 1):
 PSYoungGen      total 134400K, used 1815K [0x00000007d6000000, 0x00000007eeae0000, 0x0000000800000000)
  eden space 129024K, 0% used [0x00000007d6000000,0x00000007d6000000,0x00000007dde00000)
  from space 5376K, 33% used [0x00000007dde00000,0x00000007ddfc5d70,0x00000007de340000)
  to   space 73152K, 0% used [0x00000007ea370000,0x00000007ea370000,0x00000007eeae0000)
 ParOldGen       total 217728K, used 103095K [0x0000000782000000, 0x000000078f4a0000, 0x00000007d6000000)
  object space 217728K, 47% used [0x0000000782000000,0x00000007884adcd0,0x000000078f4a0000)
 PSPermGen       total 63552K, used 31745K [0x000000077ce00000, 0x0000000780c10000, 0x0000000782000000)
  object space 63552K, 49% used [0x000000077ce00000,0x000000077ed00588,0x0000000780c10000)
}
Event: 48.984 GC heap before
{Heap before GC invocations=7 (full 1):
 PSYoungGen      total 134400K, used 130839K [0x00000007d6000000, 0x00000007eeae0000, 0x0000000800000000)
  eden space 129024K, 100% used [0x00000007d6000000,0x00000007dde00000,0x00000007dde00000)
  from space 5376K, 33% used [0x00000007dde00000,0x00000007ddfc5d70,0x00000007de340000)
  to   space 73152K, 0% used [0x00000007ea370000,0x00000007ea370000,0x00000007eeae0000)
 ParOldGen       total 217728K, used 103095K [0x0000000782000000, 0x000000078f4a0000, 0x00000007d6000000)
  object space 217728K, 47% used [0x0000000782000000,0x00000007884adcd0,0x000000078f4a0000)
 PSPermGen       total 63552K, used 32394K [0x000000077ce00000, 0x0000000780c10000, 0x0000000782000000)
  object space 63552K, 50% used [0x000000077ce00000,0x000000077eda2978,0x0000000780c10000)
Event: 49.071 GC heap after
Heap after GC invocations=7 (full 1):
 PSYoungGen      total 273600K, used 73122K [0x00000007d6000000, 0x00000007ef020000, 0x0000000800000000)
  eden space 200448K, 0% used [0x00000007d6000000,0x00000007d6000000,0x00000007e23c0000)
  from space 73152K, 99% used [0x00000007ea370000,0x00000007eead8a58,0x00000007eeae0000)
  to   space 104640K, 0% used [0x00000007e23c0000,0x00000007e23c0000,0x00000007e89f0000)
 ParOldGen       total 217728K, used 125127K [0x0000000782000000, 0x000000078f4a0000, 0x00000007d6000000)
  object space 217728K, 57% used [0x0000000782000000,0x0000000789a31cd0,0x000000078f4a0000)
 PSPermGen       total 63552K, used 32394K [0x000000077ce00000, 0x0000000780c10000, 0x0000000782000000)
  object space 63552K, 50% used [0x000000077ce00000,0x000000077eda2978,0x0000000780c10000)
}
Event: 146.535 GC heap before
{Heap before GC invocations=8 (full 1):
 PSYoungGen      total 273600K, used 272770K [0x00000007d6000000, 0x00000007ef020000, 0x0000000800000000)
  eden space 200448K, 99% used [0x00000007d6000000,0x00000007e22f8080,0x00000007e23c0000)
  from space 73152K, 99% used [0x00000007ea370000,0x00000007eead8a58,0x00000007eeae0000)
  to   space 104640K, 0% used [0x00000007e23c0000,0x00000007e23c0000,0x00000007e89f0000)
 ParOldGen       total 217728K, used 125127K [0x0000000782000000, 0x000000078f4a0000, 0x00000007d6000000)
  object space 217728K, 57% used [0x0000000782000000,0x0000000789a31cd0,0x000000078f4a0000)
 PSPermGen       total 63552K, used 32844K [0x000000077ce00000, 0x0000000780c10000, 0x0000000782000000)
  object space 63552K, 51% used [0x000000077ce00000,0x000000077ee13380,0x0000000780c10000)
Event: 146.668 GC heap after
Heap after GC invocations=8 (full 1):
 PSYoungGen      total 305088K, used 104626K [0x00000007d6000000, 0x00000007fb2e0000, 0x0000000800000000)
  eden space 200448K, 0% used [0x00000007d6000000,0x00000007d6000000,0x00000007e23c0000)
  from space 104640K, 99% used [0x00000007e23c0000,0x00000007e89ecb98,0x00000007e89f0000)
  to   space 155712K, 0% used [0x00000007f1ad0000,0x00000007f1ad0000,0x00000007fb2e0000)
 ParOldGen       total 217728K, used 178114K [0x0000000782000000, 0x000000078f4a0000, 0x00000007d6000000)
  object space 217728K, 81% used [0x0000000782000000,0x000000078cdf0a20,0x000000078f4a0000)
 PSPermGen       total 63552K, used 32844K [0x000000077ce00000, 0x0000000780c10000, 0x0000000782000000)
  object space 63552K, 51% used [0x000000077ce00000,0x000000077ee13380,0x0000000780c10000)
}
Event: 146.668 GC heap before
{Heap before GC invocations=9 (full 2):
 PSYoungGen      total 305088K, used 104626K [0x00000007d6000000, 0x00000007fb2e0000, 0x0000000800000000)
  eden space 200448K, 0% used [0x00000007d6000000,0x00000007d6000000,0x00000007e23c0000)
  from space 104640K, 99% used [0x00000007e23c0000,0x00000007e89ecb98,0x00000007e89f0000)
  to   space 155712K, 0% used [0x00000007f1ad0000,0x00000007f1ad0000,0x00000007fb2e0000)
 ParOldGen       total 217728K, used 178114K [0x0000000782000000, 0x000000078f4a0000, 0x00000007d6000000)
  object space 217728K, 81% used [0x0000000782000000,0x000000078cdf0a20,0x000000078f4a0000)
 PSPermGen       total 63552K, used 32844K [0x000000077ce00000, 0x0000000780c10000, 0x0000000782000000)
  object space 63552K, 51% used [0x000000077ce00000,0x000000077ee13380,0x0000000780c10000)
Event: 147.347 GC heap after
Heap after GC invocations=9 (full 2):
 PSYoungGen      total 305088K, used 11194K [0x00000007d6000000, 0x00000007fb2e0000, 0x0000000800000000)
  eden space 200448K, 0% used [0x00000007d6000000,0x00000007d6000000,0x00000007e23c0000)
  from space 104640K, 10% used [0x00000007e23c0000,0x00000007e2eaea38,0x00000007e89f0000)
  to   space 155712K, 0% used [0x00000007f1ad0000,0x00000007f1ad0000,0x00000007fb2e0000)
 ParOldGen       total 355392K, used 217727K [0x0000000782000000, 0x0000000797b10000, 0x00000007d6000000)
  object space 355392K, 61% used [0x0000000782000000,0x000000078f49ff60,0x0000000797b10000)
 PSPermGen       total 72320K, used 32844K [0x000000077ce00000, 0x00000007814a0000, 0x0000000782000000)
  object space 72320K, 45% used [0x000000077ce00000,0x000000077ee13010,0x00000007814a0000)
}

