# JRE version: 7.0_17-b02
# Java VM: Java HotSpot(TM) 64-Bit Server VM (23.7-b01 mixed mode windows-amd64 compressed oops)
Heap
 PSYoungGen      total 521280K, used 341189K [0x00000007d6000000, 0x00000007ffea0000, 0x0000000800000000)
  eden space 355328K, 70% used [0x00000007d6000000,0x00000007e54e9620,0x00000007ebb00000)
  from space 165952K, 54% used [0x00000007f5c90000,0x00000007fb4d8000,0x00000007ffea0000)
  to   space 165440K, 0% used [0x00000007ebb00000,0x00000007ebb00000,0x00000007f5c90000)
 ParOldGen       total 305024K, used 166565K [0x0000000782000000, 0x00000007949e0000, 0x00000007d6000000)
  object space 305024K, 54% used [0x0000000782000000,0x000000078c2a9508,0x00000007949e0000)
 PSPermGen       total 70336K, used 33021K [0x000000077ce00000, 0x00000007812b0000, 0x0000000782000000)
  object space 70336K, 46% used [0x000000077ce00000,0x000000077ee3f6b8,0x00000007812b0000)
GC Heap History (10 events):
Event: 60.021 GC heap before
{Heap before GC invocations=22 (full 1):
 PSYoungGen      total 508672K, used 469793K [0x00000007d6000000, 0x0000000800000000, 0x0000000800000000)
  eden space 346240K, 100% used [0x00000007d6000000,0x00000007eb220000,0x00000007eb220000)
  from space 162432K, 76% used [0x00000007f6160000,0x00000007fda08480,0x0000000800000000)
  to   space 170944K, 0% used [0x00000007eb220000,0x00000007eb220000,0x00000007f5910000)
 ParOldGen       total 247424K, used 161993K [0x0000000782000000, 0x00000007911a0000, 0x00000007d6000000)
  object space 247424K, 65% used [0x0000000782000000,0x000000078be327a0,0x00000007911a0000)
 PSPermGen       total 61440K, used 32520K [0x000000077ce00000, 0x0000000780a00000, 0x0000000782000000)
  object space 61440K, 52% used [0x000000077ce00000,0x000000077edc2318,0x0000000780a00000)
Event: 60.084 GC heap after
Heap after GC invocations=22 (full 1):
 PSYoungGen      total 517184K, used 68505K [0x00000007d6000000, 0x00000007ffb90000, 0x0000000800000000)
  eden space 346240K, 0% used [0x00000007d6000000,0x00000007d6000000,0x00000007eb220000)
  from space 170944K, 40% used [0x00000007eb220000,0x00000007ef506440,0x00000007f5910000)
  to   space 164416K, 0% used [0x00000007f5b00000,0x00000007f5b00000,0x00000007ffb90000)
 ParOldGen       total 247424K, used 193125K [0x0000000782000000, 0x00000007911a0000, 0x00000007d6000000)
  object space 247424K, 78% used [0x0000000782000000,0x000000078dc99440,0x00000007911a0000)
 PSPermGen       total 61440K, used 32520K [0x000000077ce00000, 0x0000000780a00000, 0x0000000782000000)
  object space 61440K, 52% used [0x000000077ce00000,0x000000077edc2318,0x0000000780a00000)
}
Event: 60.084 GC heap before
{Heap before GC invocations=23 (full 2):
 PSYoungGen      total 517184K, used 68505K [0x00000007d6000000, 0x00000007ffb90000, 0x0000000800000000)
  eden space 346240K, 0% used [0x00000007d6000000,0x00000007d6000000,0x00000007eb220000)
  from space 170944K, 40% used [0x00000007eb220000,0x00000007ef506440,0x00000007f5910000)
  to   space 164416K, 0% used [0x00000007f5b00000,0x00000007f5b00000,0x00000007ffb90000)
 ParOldGen       total 247424K, used 193125K [0x0000000782000000, 0x00000007911a0000, 0x00000007d6000000)
  object space 247424K, 78% used [0x0000000782000000,0x000000078dc99440,0x00000007911a0000)
 PSPermGen       total 61440K, used 32520K [0x000000077ce00000, 0x0000000780a00000, 0x0000000782000000)
  object space 61440K, 52% used [0x000000077ce00000,0x000000077edc2318,0x0000000780a00000)
Event: 60.541 GC heap after
Heap after GC invocations=23 (full 2):
 PSYoungGen      total 517184K, used 0K [0x00000007d6000000, 0x00000007ffb90000, 0x0000000800000000)
  eden space 346240K, 0% used [0x00000007d6000000,0x00000007d6000000,0x00000007eb220000)
  from space 170944K, 0% used [0x00000007eb220000,0x00000007eb220000,0x00000007f5910000)
  to   space 164416K, 0% used [0x00000007f5b00000,0x00000007f5b00000,0x00000007ffb90000)
 ParOldGen       total 305024K, used 166565K [0x0000000782000000, 0x00000007949e0000, 0x00000007d6000000)
  object space 305024K, 54% used [0x0000000782000000,0x000000078c2a9508,0x00000007949e0000)
 PSPermGen       total 70336K, used 32519K [0x000000077ce00000, 0x00000007812b0000, 0x0000000782000000)
  object space 70336K, 46% used [0x000000077ce00000,0x000000077edc1e58,0x00000007812b0000)
}
Event: 61.501 GC heap before
{Heap before GC invocations=24 (full 2):
 PSYoungGen      total 517184K, used 346240K [0x00000007d6000000, 0x00000007ffb90000, 0x0000000800000000)
  eden space 346240K, 100% used [0x00000007d6000000,0x00000007eb220000,0x00000007eb220000)
  from space 170944K, 0% used [0x00000007eb220000,0x00000007eb220000,0x00000007f5910000)
  to   space 164416K, 0% used [0x00000007f5b00000,0x00000007f5b00000,0x00000007ffb90000)
 ParOldGen       total 305024K, used 166565K [0x0000000782000000, 0x00000007949e0000, 0x00000007d6000000)
  object space 305024K, 54% used [0x0000000782000000,0x000000078c2a9508,0x00000007949e0000)
 PSPermGen       total 70336K, used 32520K [0x000000077ce00000, 0x00000007812b0000, 0x0000000782000000)
  object space 70336K, 46% used [0x000000077ce00000,0x000000077edc21b0,0x00000007812b0000)
Event: 61.550 GC heap after
Heap after GC invocations=24 (full 2):
 PSYoungGen      total 516224K, used 29056K [0x00000007d6000000, 0x00000007ffaa0000, 0x0000000800000000)
  eden space 352768K, 0% used [0x00000007d6000000,0x00000007d6000000,0x00000007eb880000)
  from space 163456K, 17% used [0x00000007f5b00000,0x00000007f7760020,0x00000007ffaa0000)
  to   space 164928K, 0% used [0x00000007eb880000,0x00000007eb880000,0x00000007f5990000)
 ParOldGen       total 305024K, used 166565K [0x0000000782000000, 0x00000007949e0000, 0x00000007d6000000)
  object space 305024K, 54% used [0x0000000782000000,0x000000078c2a9508,0x00000007949e0000)
 PSPermGen       total 70336K, used 32520K [0x000000077ce00000, 0x00000007812b0000, 0x0000000782000000)
  object space 70336K, 46% used [0x000000077ce00000,0x000000077edc21b0,0x00000007812b0000)
}
Event: 63.813 GC heap before
{Heap before GC invocations=25 (full 2):
 PSYoungGen      total 516224K, used 381824K [0x00000007d6000000, 0x00000007ffaa0000, 0x0000000800000000)
  eden space 352768K, 100% used [0x00000007d6000000,0x00000007eb880000,0x00000007eb880000)
  from space 163456K, 17% used [0x00000007f5b00000,0x00000007f7760020,0x00000007ffaa0000)
  to   space 164928K, 0% used [0x00000007eb880000,0x00000007eb880000,0x00000007f5990000)
 ParOldGen       total 305024K, used 166565K [0x0000000782000000, 0x00000007949e0000, 0x00000007d6000000)
  object space 305024K, 54% used [0x0000000782000000,0x000000078c2a9508,0x00000007949e0000)
 PSPermGen       total 70336K, used 32520K [0x000000077ce00000, 0x00000007812b0000, 0x0000000782000000)
  object space 70336K, 46% used [0x000000077ce00000,0x000000077edc21b0,0x00000007812b0000)
Event: 63.826 GC heap after
Heap after GC invocations=25 (full 2):
 PSYoungGen      total 517696K, used 8928K [0x00000007d6000000, 0x0000000800000000, 0x0000000800000000)
  eden space 352768K, 0% used [0x00000007d6000000,0x00000007d6000000,0x00000007eb880000)
  from space 164928K, 5% used [0x00000007eb880000,0x00000007ec138000,0x00000007f5990000)
  to   space 167360K, 0% used [0x00000007f5c90000,0x00000007f5c90000,0x0000000800000000)
 ParOldGen       total 305024K, used 166565K [0x0000000782000000, 0x00000007949e0000, 0x00000007d6000000)
  object space 305024K, 54% used [0x0000000782000000,0x000000078c2a9508,0x00000007949e0000)
 PSPermGen       total 70336K, used 32520K [0x000000077ce00000, 0x00000007812b0000, 0x0000000782000000)
  object space 70336K, 46% used [0x000000077ce00000,0x000000077edc21b0,0x00000007812b0000)
}
Event: 254.420 GC heap before
{Heap before GC invocations=26 (full 2):
 PSYoungGen      total 517696K, used 361696K [0x00000007d6000000, 0x0000000800000000, 0x0000000800000000)
  eden space 352768K, 100% used [0x00000007d6000000,0x00000007eb880000,0x00000007eb880000)
  from space 164928K, 5% used [0x00000007eb880000,0x00000007ec138000,0x00000007f5990000)
  to   space 167360K, 0% used [0x00000007f5c90000,0x00000007f5c90000,0x0000000800000000)
 ParOldGen       total 305024K, used 166565K [0x0000000782000000, 0x00000007949e0000, 0x00000007d6000000)
  object space 305024K, 54% used [0x0000000782000000,0x000000078c2a9508,0x00000007949e0000)
 PSPermGen       total 70336K, used 32590K [0x000000077ce00000, 0x00000007812b0000, 0x0000000782000000)
  object space 70336K, 46% used [0x000000077ce00000,0x000000077edd3890,0x00000007812b0000)
Event: 254.541 GC heap after
Heap after GC invocations=26 (full 2):
 PSYoungGen      total 521280K, used 90400K [0x00000007d6000000, 0x00000007ffea0000, 0x0000000800000000)
  eden space 355328K, 0% used [0x00000007d6000000,0x00000007d6000000,0x00000007ebb00000)
  from space 165952K, 54% used [0x00000007f5c90000,0x00000007fb4d8000,0x00000007ffea0000)
  to   space 165440K, 0% used [0x00000007ebb00000,0x00000007ebb00000,0x00000007f5c90000)
 ParOldGen       total 305024K, used 166565K [0x0000000782000000, 0x00000007949e0000, 0x00000007d6000000)
  object space 305024K, 54% used [0x0000000782000000,0x000000078c2a9508,0x00000007949e0000)
 PSPermGen       total 70336K, used 32590K [0x000000077ce00000, 0x00000007812b0000, 0x0000000782000000)
  object space 70336K, 46% used [0x000000077ce00000,0x000000077edd3890,0x00000007812b0000)
}

