# JRE version: 7.0_17-b02
# Java VM: Java HotSpot(TM) 64-Bit Server VM (23.7-b01 mixed mode windows-amd64 compressed oops)
Heap
 PSYoungGen      total 331520K, used 267907K [0x00000007d6000000, 0x00000007fe410000, 0x0000000800000000)
  eden space 258624K, 75% used [0x00000007d6000000,0x00000007e1e77b18,0x00000007e5c90000)
  from space 72896K, 99% used [0x00000007e5c90000,0x00000007ea3b9360,0x00000007ea3c0000)
  to   space 200448K, 0% used [0x00000007f2050000,0x00000007f2050000,0x00000007fe410000)
 ParOldGen       total 310848K, used 168083K [0x0000000782000000, 0x0000000794f90000, 0x00000007d6000000)
  object space 310848K, 54% used [0x0000000782000000,0x000000078c424fb0,0x0000000794f90000)
 PSPermGen       total 71104K, used 33763K [0x000000077ce00000, 0x0000000781370000, 0x0000000782000000)
  object space 71104K, 47% used [0x000000077ce00000,0x000000077eef8ec8,0x0000000781370000)
GC Heap History (10 events):
Event: 126.652 GC heap before
{Heap before GC invocations=12 (full 3):
 PSYoungGen      total 484864K, used 139068K [0x00000007d6000000, 0x0000000800000000, 0x0000000800000000)
  eden space 345792K, 0% used [0x00000007d6000000,0x00000007d6000000,0x00000007eb1b0000)
  from space 139072K, 99% used [0x00000007eb1b0000,0x00000007f397f2e0,0x00000007f3980000)
  to   space 203264K, 0% used [0x00000007f3980000,0x00000007f3980000,0x0000000800000000)
 ParOldGen       total 289216K, used 288673K [0x0000000782000000, 0x0000000793a70000, 0x00000007d6000000)
  object space 289216K, 99% used [0x0000000782000000,0x00000007939e84a8,0x0000000793a70000)
 PSPermGen       total 72768K, used 33029K [0x000000077ce00000, 0x0000000781510000, 0x0000000782000000)
  object space 72768K, 45% used [0x000000077ce00000,0x000000077ee41428,0x0000000781510000)
Event: 126.893 GC heap after
Heap after GC invocations=12 (full 3):
 PSYoungGen      total 484864K, used 0K [0x00000007d6000000, 0x0000000800000000, 0x0000000800000000)
  eden space 345792K, 0% used [0x00000007d6000000,0x00000007d6000000,0x00000007eb1b0000)
  from space 139072K, 0% used [0x00000007eb1b0000,0x00000007eb1b0000,0x00000007f3980000)
  to   space 203264K, 0% used [0x00000007f3980000,0x00000007f3980000,0x0000000800000000)
 ParOldGen       total 310848K, used 143471K [0x0000000782000000, 0x0000000794f90000, 0x00000007d6000000)
  object space 310848K, 46% used [0x0000000782000000,0x000000078ac1bf20,0x0000000794f90000)
 PSPermGen       total 71104K, used 33028K [0x000000077ce00000, 0x0000000781370000, 0x0000000782000000)
  object space 71104K, 46% used [0x000000077ce00000,0x000000077ee412a8,0x0000000781370000)
}
Event: 139.850 GC heap before
{Heap before GC invocations=13 (full 3):
 PSYoungGen      total 484864K, used 345792K [0x00000007d6000000, 0x0000000800000000, 0x0000000800000000)
  eden space 345792K, 100% used [0x00000007d6000000,0x00000007eb1b0000,0x00000007eb1b0000)
  from space 139072K, 0% used [0x00000007eb1b0000,0x00000007eb1b0000,0x00000007f3980000)
  to   space 203264K, 0% used [0x00000007f3980000,0x00000007f3980000,0x0000000800000000)
 ParOldGen       total 310848K, used 143471K [0x0000000782000000, 0x0000000794f90000, 0x00000007d6000000)
  object space 310848K, 46% used [0x0000000782000000,0x000000078ac1bf20,0x0000000794f90000)
 PSPermGen       total 71104K, used 33354K [0x000000077ce00000, 0x0000000781370000, 0x0000000782000000)
  object space 71104K, 46% used [0x000000077ce00000,0x000000077ee92948,0x0000000781370000)
Event: 139.867 GC heap after
Heap after GC invocations=13 (full 3):
 PSYoungGen      total 467072K, used 24591K [0x00000007d6000000, 0x0000000800000000, 0x0000000800000000)
  eden space 263808K, 0% used [0x00000007d6000000,0x00000007d6000000,0x00000007e61a0000)
  from space 203264K, 12% used [0x00000007f3980000,0x00000007f5183e78,0x0000000800000000)
  to   space 212160K, 0% used [0x00000007e61a0000,0x00000007e61a0000,0x00000007f30d0000)
 ParOldGen       total 310848K, used 143471K [0x0000000782000000, 0x0000000794f90000, 0x00000007d6000000)
  object space 310848K, 46% used [0x0000000782000000,0x000000078ac1bf20,0x0000000794f90000)
 PSPermGen       total 71104K, used 33354K [0x000000077ce00000, 0x0000000781370000, 0x0000000782000000)
  object space 71104K, 46% used [0x000000077ce00000,0x000000077ee92948,0x0000000781370000)
}
Event: 140.438 GC heap before
{Heap before GC invocations=14 (full 3):
 PSYoungGen      total 467072K, used 288399K [0x00000007d6000000, 0x0000000800000000, 0x0000000800000000)
  eden space 263808K, 100% used [0x00000007d6000000,0x00000007e61a0000,0x00000007e61a0000)
  from space 203264K, 12% used [0x00000007f3980000,0x00000007f5183e78,0x0000000800000000)
  to   space 212160K, 0% used [0x00000007e61a0000,0x00000007e61a0000,0x00000007f30d0000)
 ParOldGen       total 310848K, used 143471K [0x0000000782000000, 0x0000000794f90000, 0x00000007d6000000)
  object space 310848K, 46% used [0x0000000782000000,0x000000078ac1bf20,0x0000000794f90000)
 PSPermGen       total 71104K, used 33354K [0x000000077ce00000, 0x0000000781370000, 0x0000000782000000)
  object space 71104K, 46% used [0x000000077ce00000,0x000000077ee92b10,0x0000000781370000)
Event: 140.540 GC heap after
Heap after GC invocations=14 (full 3):
 PSYoungGen      total 383104K, used 119296K [0x00000007d6000000, 0x0000000800000000, 0x0000000800000000)
  eden space 263808K, 0% used [0x00000007d6000000,0x00000007d6000000,0x00000007e61a0000)
  from space 119296K, 100% used [0x00000007e61a0000,0x00000007ed620000,0x00000007ed620000)
  to   space 216320K, 0% used [0x00000007f2cc0000,0x00000007f2cc0000,0x0000000800000000)
 ParOldGen       total 310848K, used 168019K [0x0000000782000000, 0x0000000794f90000, 0x00000007d6000000)
  object space 310848K, 54% used [0x0000000782000000,0x000000078c414fb0,0x0000000794f90000)
 PSPermGen       total 71104K, used 33354K [0x000000077ce00000, 0x0000000781370000, 0x0000000782000000)
  object space 71104K, 46% used [0x000000077ce00000,0x000000077ee92b10,0x0000000781370000)
}
Event: 143.808 GC heap before
{Heap before GC invocations=15 (full 3):
 PSYoungGen      total 383104K, used 383104K [0x00000007d6000000, 0x0000000800000000, 0x0000000800000000)
  eden space 263808K, 100% used [0x00000007d6000000,0x00000007e61a0000,0x00000007e61a0000)
  from space 119296K, 100% used [0x00000007e61a0000,0x00000007ed620000,0x00000007ed620000)
  to   space 216320K, 0% used [0x00000007f2cc0000,0x00000007f2cc0000,0x0000000800000000)
 ParOldGen       total 310848K, used 168019K [0x0000000782000000, 0x0000000794f90000, 0x00000007d6000000)
  object space 310848K, 54% used [0x0000000782000000,0x000000078c414fb0,0x0000000794f90000)
 PSPermGen       total 71104K, used 33373K [0x000000077ce00000, 0x0000000781370000, 0x0000000782000000)
  object space 71104K, 46% used [0x000000077ce00000,0x000000077ee974b8,0x0000000781370000)
Event: 143.953 GC heap after
Heap after GC invocations=15 (full 3):
 PSYoungGen      total 474944K, used 104440K [0x00000007d6000000, 0x0000000800000000, 0x0000000800000000)
  eden space 258624K, 0% used [0x00000007d6000000,0x00000007d6000000,0x00000007e5c90000)
  from space 216320K, 48% used [0x00000007f2cc0000,0x00000007f92be2f0,0x0000000800000000)
  to   space 213184K, 0% used [0x00000007e5c90000,0x00000007e5c90000,0x00000007f2cc0000)
 ParOldGen       total 310848K, used 168059K [0x0000000782000000, 0x0000000794f90000, 0x00000007d6000000)
  object space 310848K, 54% used [0x0000000782000000,0x000000078c41efb0,0x0000000794f90000)
 PSPermGen       total 71104K, used 33373K [0x000000077ce00000, 0x0000000781370000, 0x0000000782000000)
  object space 71104K, 46% used [0x000000077ce00000,0x000000077ee974b8,0x0000000781370000)
}
Event: 154.106 GC heap before
{Heap before GC invocations=16 (full 3):
 PSYoungGen      total 474944K, used 363064K [0x00000007d6000000, 0x0000000800000000, 0x0000000800000000)
  eden space 258624K, 100% used [0x00000007d6000000,0x00000007e5c90000,0x00000007e5c90000)
  from space 216320K, 48% used [0x00000007f2cc0000,0x00000007f92be2f0,0x0000000800000000)
  to   space 213184K, 0% used [0x00000007e5c90000,0x00000007e5c90000,0x00000007f2cc0000)
 ParOldGen       total 310848K, used 168059K [0x0000000782000000, 0x0000000794f90000, 0x00000007d6000000)
  object space 310848K, 54% used [0x0000000782000000,0x000000078c41efb0,0x0000000794f90000)
 PSPermGen       total 71104K, used 33379K [0x000000077ce00000, 0x0000000781370000, 0x0000000782000000)
  object space 71104K, 46% used [0x000000077ce00000,0x000000077ee98e20,0x0000000781370000)
Event: 154.201 GC heap after
Heap after GC invocations=16 (full 3):
 PSYoungGen      total 331520K, used 72868K [0x00000007d6000000, 0x00000007fe410000, 0x0000000800000000)
  eden space 258624K, 0% used [0x00000007d6000000,0x00000007d6000000,0x00000007e5c90000)
  from space 72896K, 99% used [0x00000007e5c90000,0x00000007ea3b9360,0x00000007ea3c0000)
  to   space 200448K, 0% used [0x00000007f2050000,0x00000007f2050000,0x00000007fe410000)
 ParOldGen       total 310848K, used 168083K [0x0000000782000000, 0x0000000794f90000, 0x00000007d6000000)
  object space 310848K, 54% used [0x0000000782000000,0x000000078c424fb0,0x0000000794f90000)
 PSPermGen       total 71104K, used 33379K [0x000000077ce00000, 0x0000000781370000, 0x0000000782000000)
  object space 71104K, 46% used [0x000000077ce00000,0x000000077ee98e20,0x0000000781370000)
}

