# JRE version: 7.0_17-b02
# Java VM: Java HotSpot(TM) 64-Bit Server VM (23.7-b01 mixed mode windows-amd64 compressed oops)
Heap
 PSYoungGen      total 270976K, used 93120K [0x00000007d6000000, 0x00000007f0ba0000, 0x0000000800000000)
  eden space 257600K, 36% used [0x00000007d6000000,0x00000007dbaf02f0,0x00000007e5b90000)
  from space 13376K, 0% used [0x00000007e5b90000,0x00000007e5b90000,0x00000007e68a0000)
  to   space 12864K, 0% used [0x00000007eff10000,0x00000007eff10000,0x00000007f0ba0000)
 ParOldGen       total 215616K, used 112825K [0x0000000782000000, 0x000000078f290000, 0x00000007d6000000)
  object space 215616K, 52% used [0x0000000782000000,0x0000000788e2e560,0x000000078f290000)
 PSPermGen       total 64640K, used 35580K [0x000000077ce00000, 0x0000000780d20000, 0x0000000782000000)
  object space 64640K, 55% used [0x000000077ce00000,0x000000077f0bf1f8,0x0000000780d20000)
GC Heap History (10 events):
Event: 3.738 GC heap before
{Heap before GC invocations=6 (full 0):
 PSYoungGen      total 69888K, used 69872K [0x00000007d6000000, 0x00000007def20000, 0x0000000800000000)
  eden space 64512K, 100% used [0x00000007d6000000,0x00000007d9f00000,0x00000007d9f00000)
  from space 5376K, 99% used [0x00000007d9f00000,0x00000007da43c230,0x00000007da440000)
  to   space 8768K, 0% used [0x00000007de690000,0x00000007de690000,0x00000007def20000)
 ParOldGen       total 86016K, used 51198K [0x0000000782000000, 0x0000000787400000, 0x00000007d6000000)
  object space 86016K, 59% used [0x0000000782000000,0x00000007851ff908,0x0000000787400000)
 PSPermGen       total 25280K, used 25144K [0x000000077ce00000, 0x000000077e6b0000, 0x0000000782000000)
  object space 25280K, 99% used [0x000000077ce00000,0x000000077e68e1c0,0x000000077e6b0000)
Event: 3.745 GC heap after
Heap after GC invocations=6 (full 0):
 PSYoungGen      total 137664K, used 5424K [0x00000007d6000000, 0x00000007def00000, 0x0000000800000000)
  eden space 129024K, 0% used [0x00000007d6000000,0x00000007d6000000,0x00000007dde00000)
  from space 8640K, 62% used [0x00000007de690000,0x00000007debdc230,0x00000007def00000)
  to   space 8704K, 0% used [0x00000007dde00000,0x00000007dde00000,0x00000007de680000)
 ParOldGen       total 86016K, used 51198K [0x0000000782000000, 0x0000000787400000, 0x00000007d6000000)
  object space 86016K, 59% used [0x0000000782000000,0x00000007851ff908,0x0000000787400000)
 PSPermGen       total 25280K, used 25144K [0x000000077ce00000, 0x000000077e6b0000, 0x0000000782000000)
  object space 25280K, 99% used [0x000000077ce00000,0x000000077e68e1c0,0x000000077e6b0000)
}
Event: 22.231 GC heap before
{Heap before GC invocations=7 (full 0):
 PSYoungGen      total 137664K, used 134448K [0x00000007d6000000, 0x00000007def00000, 0x0000000800000000)
  eden space 129024K, 100% used [0x00000007d6000000,0x00000007dde00000,0x00000007dde00000)
  from space 8640K, 62% used [0x00000007de690000,0x00000007debdc230,0x00000007def00000)
  to   space 8704K, 0% used [0x00000007dde00000,0x00000007dde00000,0x00000007de680000)
 ParOldGen       total 86016K, used 51198K [0x0000000782000000, 0x0000000787400000, 0x00000007d6000000)
  object space 86016K, 59% used [0x0000000782000000,0x00000007851ff908,0x0000000787400000)
 PSPermGen       total 32384K, used 32204K [0x000000077ce00000, 0x000000077eda0000, 0x0000000782000000)
  object space 32384K, 99% used [0x000000077ce00000,0x000000077ed73238,0x000000077eda0000)
Event: 22.246 GC heap after
Heap after GC invocations=7 (full 0):
 PSYoungGen      total 137728K, used 8688K [0x00000007d6000000, 0x00000007e7540000, 0x0000000800000000)
  eden space 129024K, 0% used [0x00000007d6000000,0x00000007d6000000,0x00000007dde00000)
  from space 8704K, 99% used [0x00000007dde00000,0x00000007de67c3f8,0x00000007de680000)
  to   space 12928K, 0% used [0x00000007e68a0000,0x00000007e68a0000,0x00000007e7540000)
 ParOldGen       total 86016K, used 57933K [0x0000000782000000, 0x0000000787400000, 0x00000007d6000000)
  object space 86016K, 67% used [0x0000000782000000,0x00000007858937b0,0x0000000787400000)
 PSPermGen       total 32384K, used 32204K [0x000000077ce00000, 0x000000077eda0000, 0x0000000782000000)
  object space 32384K, 99% used [0x000000077ce00000,0x000000077ed73238,0x000000077eda0000)
}
Event: 22.430 GC heap before
{Heap before GC invocations=8 (full 0):
 PSYoungGen      total 137728K, used 137712K [0x00000007d6000000, 0x00000007e7540000, 0x0000000800000000)
  eden space 129024K, 100% used [0x00000007d6000000,0x00000007dde00000,0x00000007dde00000)
  from space 8704K, 99% used [0x00000007dde00000,0x00000007de67c3f8,0x00000007de680000)
  to   space 12928K, 0% used [0x00000007e68a0000,0x00000007e68a0000,0x00000007e7540000)
 ParOldGen       total 86016K, used 57933K [0x0000000782000000, 0x0000000787400000, 0x00000007d6000000)
  object space 86016K, 67% used [0x0000000782000000,0x00000007858937b0,0x0000000787400000)
 PSPermGen       total 32384K, used 32230K [0x000000077ce00000, 0x000000077eda0000, 0x0000000782000000)
  object space 32384K, 99% used [0x000000077ce00000,0x000000077ed79a00,0x000000077eda0000)
Event: 22.445 GC heap after
Heap after GC invocations=8 (full 0):
 PSYoungGen      total 270528K, used 10072K [0x00000007d6000000, 0x00000007e7620000, 0x0000000800000000)
  eden space 257600K, 0% used [0x00000007d6000000,0x00000007d6000000,0x00000007e5b90000)
  from space 12928K, 77% used [0x00000007e68a0000,0x00000007e7276188,0x00000007e7540000)
  to   space 13376K, 0% used [0x00000007e5b90000,0x00000007e5b90000,0x00000007e68a0000)
 ParOldGen       total 86016K, used 58762K [0x0000000782000000, 0x0000000787400000, 0x00000007d6000000)
  object space 86016K, 68% used [0x0000000782000000,0x0000000785962a48,0x0000000787400000)
 PSPermGen       total 32384K, used 32230K [0x000000077ce00000, 0x000000077eda0000, 0x0000000782000000)
  object space 32384K, 99% used [0x000000077ce00000,0x000000077ed79a00,0x000000077eda0000)
}
Event: 30.678 GC heap before
{Heap before GC invocations=9 (full 0):
 PSYoungGen      total 270528K, used 267672K [0x00000007d6000000, 0x00000007e7620000, 0x0000000800000000)
  eden space 257600K, 100% used [0x00000007d6000000,0x00000007e5b90000,0x00000007e5b90000)
  from space 12928K, 77% used [0x00000007e68a0000,0x00000007e7276188,0x00000007e7540000)
  to   space 13376K, 0% used [0x00000007e5b90000,0x00000007e5b90000,0x00000007e68a0000)
 ParOldGen       total 86016K, used 58762K [0x0000000782000000, 0x0000000787400000, 0x00000007d6000000)
  object space 86016K, 68% used [0x0000000782000000,0x0000000785962a48,0x0000000787400000)
 PSPermGen       total 32384K, used 32326K [0x000000077ce00000, 0x000000077eda0000, 0x0000000782000000)
  object space 32384K, 99% used [0x000000077ce00000,0x000000077ed91848,0x000000077eda0000)
Event: 30.759 GC heap after
Heap after GC invocations=9 (full 0):
 PSYoungGen      total 270976K, used 7506K [0x00000007d6000000, 0x00000007f0ba0000, 0x0000000800000000)
  eden space 257600K, 0% used [0x00000007d6000000,0x00000007d6000000,0x00000007e5b90000)
  from space 13376K, 56% used [0x00000007e5b90000,0x00000007e62e4818,0x00000007e68a0000)
  to   space 12864K, 0% used [0x00000007eff10000,0x00000007eff10000,0x00000007f0ba0000)
 ParOldGen       total 222336K, used 196659K [0x0000000782000000, 0x000000078f920000, 0x00000007d6000000)
  object space 222336K, 88% used [0x0000000782000000,0x000000078e00cf20,0x000000078f920000)
 PSPermGen       total 32384K, used 32326K [0x000000077ce00000, 0x000000077eda0000, 0x0000000782000000)
  object space 32384K, 99% used [0x000000077ce00000,0x000000077ed91848,0x000000077eda0000)
}
Event: 30.759 GC heap before
{Heap before GC invocations=10 (full 1):
 PSYoungGen      total 270976K, used 7506K [0x00000007d6000000, 0x00000007f0ba0000, 0x0000000800000000)
  eden space 257600K, 0% used [0x00000007d6000000,0x00000007d6000000,0x00000007e5b90000)
  from space 13376K, 56% used [0x00000007e5b90000,0x00000007e62e4818,0x00000007e68a0000)
  to   space 12864K, 0% used [0x00000007eff10000,0x00000007eff10000,0x00000007f0ba0000)
 ParOldGen       total 222336K, used 196659K [0x0000000782000000, 0x000000078f920000, 0x00000007d6000000)
  object space 222336K, 88% used [0x0000000782000000,0x000000078e00cf20,0x000000078f920000)
 PSPermGen       total 32384K, used 32326K [0x000000077ce00000, 0x000000077eda0000, 0x0000000782000000)
  object space 32384K, 99% used [0x000000077ce00000,0x000000077ed91848,0x000000077eda0000)
Event: 30.831 GC heap after
Heap after GC invocations=10 (full 1):
 PSYoungGen      total 270976K, used 0K [0x00000007d6000000, 0x00000007f0ba0000, 0x0000000800000000)
  eden space 257600K, 0% used [0x00000007d6000000,0x00000007d6000000,0x00000007e5b90000)
  from space 13376K, 0% used [0x00000007e5b90000,0x00000007e5b90000,0x00000007e68a0000)
  to   space 12864K, 0% used [0x00000007eff10000,0x00000007eff10000,0x00000007f0ba0000)
 ParOldGen       total 215616K, used 112825K [0x0000000782000000, 0x000000078f290000, 0x00000007d6000000)
  object space 215616K, 52% used [0x0000000782000000,0x0000000788e2e560,0x000000078f290000)
 PSPermGen       total 64640K, used 32311K [0x000000077ce00000, 0x0000000780d20000, 0x0000000782000000)
  object space 64640K, 49% used [0x000000077ce00000,0x000000077ed8dcf8,0x0000000780d20000)
}

